  Source.cpp
C:\Users\Krisi\OneDrive - uni-sofia.bg\Desktop\4 курс\artificial-intelligence\HW5\Naive-Bayes-Classifier\Naive-Bayes-Classifier\Source.cpp(61,17): warning C4018: '<': signed/unsigned mismatch
C:\Users\Krisi\OneDrive - uni-sofia.bg\Desktop\4 курс\artificial-intelligence\HW5\Naive-Bayes-Classifier\Naive-Bayes-Classifier\Source.cpp(86,25): warning C4018: '<': signed/unsigned mismatch
C:\Users\Krisi\OneDrive - uni-sofia.bg\Desktop\4 курс\artificial-intelligence\HW5\Naive-Bayes-Classifier\Naive-Bayes-Classifier\Source.cpp(106,113): warning C4244: 'argument': conversion from 'double' to '_Ty', possible loss of data
          with
          [
              _Ty=float
          ]
C:\Users\Krisi\OneDrive - uni-sofia.bg\Desktop\4 курс\artificial-intelligence\HW5\Naive-Bayes-Classifier\Naive-Bayes-Classifier\Source.cpp(107,114): warning C4244: 'argument': conversion from 'double' to '_Ty', possible loss of data
          with
          [
              _Ty=float
          ]
C:\Users\Krisi\OneDrive - uni-sofia.bg\Desktop\4 курс\artificial-intelligence\HW5\Naive-Bayes-Classifier\Naive-Bayes-Classifier\Source.cpp(108,182): warning C4244: 'argument': conversion from 'double' to '_Ty', possible loss of data
          with
          [
              _Ty=float
          ]
C:\Users\Krisi\OneDrive - uni-sofia.bg\Desktop\4 курс\artificial-intelligence\HW5\Naive-Bayes-Classifier\Naive-Bayes-Classifier\Source.cpp(110,119): warning C4244: 'argument': conversion from 'double' to '_Ty', possible loss of data
          with
          [
              _Ty=float
          ]
C:\Users\Krisi\OneDrive - uni-sofia.bg\Desktop\4 курс\artificial-intelligence\HW5\Naive-Bayes-Classifier\Naive-Bayes-Classifier\Source.cpp(111,120): warning C4244: 'argument': conversion from 'double' to '_Ty', possible loss of data
          with
          [
              _Ty=float
          ]
C:\Users\Krisi\OneDrive - uni-sofia.bg\Desktop\4 курс\artificial-intelligence\HW5\Naive-Bayes-Classifier\Naive-Bayes-Classifier\Source.cpp(112,192): warning C4244: 'argument': conversion from 'double' to '_Ty', possible loss of data
          with
          [
              _Ty=float
          ]
C:\Users\Krisi\OneDrive - uni-sofia.bg\Desktop\4 курс\artificial-intelligence\HW5\Naive-Bayes-Classifier\Naive-Bayes-Classifier\Source.cpp(128,20): warning C4018: '<': signed/unsigned mismatch
C:\Users\Krisi\OneDrive - uni-sofia.bg\Desktop\4 курс\artificial-intelligence\HW5\Naive-Bayes-Classifier\Naive-Bayes-Classifier\Source.cpp(161,25): warning C4018: '<': signed/unsigned mismatch
C:\Users\Krisi\OneDrive - uni-sofia.bg\Desktop\4 курс\artificial-intelligence\HW5\Naive-Bayes-Classifier\Naive-Bayes-Classifier\Source.cpp(172,21): warning C4018: '<': signed/unsigned mismatch
C:\Users\Krisi\OneDrive - uni-sofia.bg\Desktop\4 курс\artificial-intelligence\HW5\Naive-Bayes-Classifier\Naive-Bayes-Classifier\Source.cpp(186,20): warning C4018: '<': signed/unsigned mismatch
C:\Users\Krisi\OneDrive - uni-sofia.bg\Desktop\4 курс\artificial-intelligence\HW5\Naive-Bayes-Classifier\Naive-Bayes-Classifier\Source.cpp(191,16): warning C4244: 'initializing': conversion from '_Rep' to 'unsigned int', possible loss of data
          with
          [
              _Rep=std::chrono::system_clock::rep
          ]
C:\Users\Krisi\OneDrive - uni-sofia.bg\Desktop\4 курс\artificial-intelligence\HW5\Naive-Bayes-Classifier\Naive-Bayes-Classifier\Source.cpp(198,20): warning C4018: '<': signed/unsigned mismatch
C:\Users\Krisi\OneDrive - uni-sofia.bg\Desktop\4 курс\artificial-intelligence\HW5\Naive-Bayes-Classifier\Naive-Bayes-Classifier\Source.cpp(222,21): warning C4018: '<': signed/unsigned mismatch
C:\Users\Krisi\OneDrive - uni-sofia.bg\Desktop\4 курс\artificial-intelligence\HW5\Naive-Bayes-Classifier\Naive-Bayes-Classifier\Source.cpp(224,22): warning C4018: '<': signed/unsigned mismatch
C:\Users\Krisi\OneDrive - uni-sofia.bg\Desktop\4 курс\artificial-intelligence\HW5\Naive-Bayes-Classifier\Naive-Bayes-Classifier\Source.cpp(231,21): warning C4018: '<': signed/unsigned mismatch
C:\Users\Krisi\OneDrive - uni-sofia.bg\Desktop\4 курс\artificial-intelligence\HW5\Naive-Bayes-Classifier\Naive-Bayes-Classifier\Source.cpp(239,21): warning C4018: '<': signed/unsigned mismatch
C:\Users\Krisi\OneDrive - uni-sofia.bg\Desktop\4 курс\artificial-intelligence\HW5\Naive-Bayes-Classifier\Naive-Bayes-Classifier\Source.cpp(253,20): warning C4018: '<': signed/unsigned mismatch
C:\Users\Krisi\OneDrive - uni-sofia.bg\Desktop\4 курс\artificial-intelligence\HW5\Naive-Bayes-Classifier\Naive-Bayes-Classifier\Source.cpp(255,21): warning C4018: '<': signed/unsigned mismatch
  Naive-Bayes-Classifier.vcxproj -> C:\Users\Krisi\OneDrive - uni-sofia.bg\Desktop\4 курс\artificial-intelligence\HW5\Naive-Bayes-Classifier\Debug\Naive-Bayes-Classifier.exe
